2018-04-02 17:03:03 sendmail failed(mailid:1522659783379) 
    (535, b'5.7.3 Authentication unsuccessful [SHAPR01CA045.CHNPR01.prod.partner.outlook.cn]')
    mail_to:wang.li@cn.vinx.asia
    subject:test
    testtxt
    Failed For 1 Time
2018-04-02 17:03:09 sendmail failed(mailid:1522659783379) 
    (535, b'5.7.3 Authentication unsuccessful [SHAPR01CA034.CHNPR01.prod.partner.outlook.cn]')
    mail_to:wang.li@cn.vinx.asia
    subject:test
    testtxt
    Failed For 2 Time
2018-04-02 17:03:14 sendmail failed(mailid:1522659783379) 
    (535, b'5.7.3 Authentication unsuccessful [SHAPR01CA026.CHNPR01.prod.partner.outlook.cn]')
    mail_to:wang.li@cn.vinx.asia
    subject:test
    testtxt
    Failed For 3 Time
2018-04-02 17:03:36 sendmail successful(mailid:1522659816547) 
    mail_to:wang.li@cn.vinx.asia
    subject:test
    testtxt
2018-04-02 17:11:25 sendmail successful(mailid:1522660285404) 
    mail_to:wang.li@cn.vinx.asia
    subject:test
    testtxt
